[00:37:49] [main/INFO]: Environment: authHost='https://authserver.mojang.com', accountsHost='https://api.mojang.com', sessionHost='https://sessionserver.mojang.com', servicesHost='https://api.minecraftservices.com', name='PROD'
[00:37:50] [main/WARN]: Ambiguity between arguments [teleport, destination] and [teleport, targets] with inputs: [Player, 0123, @e, dd12be42-52a9-4a91-a8a1-11c01849e498]
[00:37:50] [main/WARN]: Ambiguity between arguments [teleport, location] and [teleport, destination] with inputs: [0.1 -0.5 .9, 0 0 0]
[00:37:50] [main/WARN]: Ambiguity between arguments [teleport, location] and [teleport, targets] with inputs: [0.1 -0.5 .9, 0 0 0]
[00:37:50] [main/WARN]: Ambiguity between arguments [teleport, targets] and [teleport, destination] with inputs: [Player, 0123, dd12be42-52a9-4a91-a8a1-11c01849e498]
[00:37:50] [main/WARN]: Ambiguity between arguments [teleport, targets, location] and [teleport, targets, destination] with inputs: [0.1 -0.5 .9, 0 0 0]
[00:37:50] [main/INFO]: Reloading ResourceManager: Default
[00:37:50] [Worker-Main-4/INFO]: Loaded 7 recipes
[00:37:51] [Worker-Main-4/INFO]: Loaded 927 advancements
[00:37:53] [Server thread/INFO]: Starting minecraft server version 1.16.5
[00:37:53] [Server thread/INFO]: Loading properties
[00:37:53] [Server thread/INFO]: Default game type: SURVIVAL
[00:37:53] [Server thread/INFO]: Generating keypair
[00:37:53] [Server thread/INFO]: Starting Minecraft server on *:25565
[00:37:53] [Server thread/INFO]: Using epoll channel type
[00:37:53] [Server thread/WARN]: **** SERVER IS RUNNING IN OFFLINE/INSECURE MODE!
[00:37:53] [Server thread/WARN]: The server will make no attempt to authenticate usernames. Beware.
[00:37:53] [Server thread/WARN]: While this makes the game possible to play without internet access, it also opens up the ability for hackers to connect with any username they choose.
[00:37:53] [Server thread/WARN]: To change this, set "online-mode" to "true" in the server.properties file.
[00:37:53] [Server thread/INFO]: Preparing level "world"
[00:37:59] [Server thread/INFO]: Preparing start region for dimension minecraft:overworld
[00:37:59] [Worker-Main-5/INFO]: Preparing spawn area: 0%
[00:38:00] [Worker-Main-4/INFO]: Preparing spawn area: 0%
[00:38:00] [Worker-Main-4/INFO]: Preparing spawn area: 0%
[00:38:01] [Worker-Main-6/INFO]: Preparing spawn area: 0%
[00:38:01] [Worker-Main-4/INFO]: Preparing spawn area: 0%
[00:38:02] [Worker-Main-5/INFO]: Preparing spawn area: 0%
[00:38:02] [Worker-Main-5/INFO]: Preparing spawn area: 1%
[00:38:03] [Worker-Main-4/INFO]: Preparing spawn area: 2%
[00:38:03] [Worker-Main-4/INFO]: Preparing spawn area: 3%
[00:38:04] [Worker-Main-6/INFO]: Preparing spawn area: 6%
[00:38:04] [Worker-Main-6/INFO]: Preparing spawn area: 7%
[00:38:05] [Worker-Main-5/INFO]: Preparing spawn area: 7%
[00:38:05] [Worker-Main-4/INFO]: Preparing spawn area: 10%
[00:38:06] [Worker-Main-6/INFO]: Preparing spawn area: 10%
[00:38:06] [Worker-Main-6/INFO]: Preparing spawn area: 10%
[00:38:07] [Worker-Main-4/INFO]: Preparing spawn area: 12%
[00:38:07] [Worker-Main-6/INFO]: Preparing spawn area: 13%
[00:38:08] [Worker-Main-6/INFO]: Preparing spawn area: 13%
[00:38:08] [Worker-Main-5/INFO]: Preparing spawn area: 17%
[00:38:09] [Worker-Main-5/INFO]: Preparing spawn area: 17%
[00:38:09] [Worker-Main-5/INFO]: Preparing spawn area: 17%
[00:38:10] [Worker-Main-5/INFO]: Preparing spawn area: 17%
[00:38:10] [Worker-Main-4/INFO]: Preparing spawn area: 17%
[00:38:11] [Worker-Main-6/INFO]: Preparing spawn area: 24%
[00:38:11] [Worker-Main-6/INFO]: Preparing spawn area: 25%
[00:38:12] [Worker-Main-6/INFO]: Preparing spawn area: 26%
[00:38:12] [Worker-Main-6/INFO]: Preparing spawn area: 26%
[00:38:13] [Worker-Main-4/INFO]: Preparing spawn area: 32%
[00:38:13] [Worker-Main-5/INFO]: Preparing spawn area: 34%
[00:38:14] [Worker-Main-4/INFO]: Preparing spawn area: 34%
[00:38:14] [Worker-Main-4/INFO]: Preparing spawn area: 34%
[00:38:15] [Worker-Main-6/INFO]: Preparing spawn area: 41%
[00:38:15] [Worker-Main-5/INFO]: Preparing spawn area: 43%
[00:38:16] [Worker-Main-5/INFO]: Preparing spawn area: 45%
[00:38:16] [Worker-Main-5/INFO]: Preparing spawn area: 50%
[00:38:17] [Worker-Main-4/INFO]: Preparing spawn area: 51%
[00:38:17] [Worker-Main-4/INFO]: Preparing spawn area: 55%
[00:38:18] [Worker-Main-4/INFO]: Preparing spawn area: 57%
[00:38:18] [Worker-Main-5/INFO]: Preparing spawn area: 60%
[00:38:19] [Worker-Main-4/INFO]: Preparing spawn area: 62%
[00:38:19] [Worker-Main-6/INFO]: Preparing spawn area: 68%
[00:38:20] [Worker-Main-6/INFO]: Preparing spawn area: 71%
[00:38:21] [Worker-Main-4/INFO]: Preparing spawn area: 73%
[00:38:21] [Worker-Main-6/INFO]: Preparing spawn area: 79%
[00:38:21] [Worker-Main-5/INFO]: Preparing spawn area: 83%
[00:38:22] [Worker-Main-4/INFO]: Preparing spawn area: 85%
[00:38:22] [Worker-Main-6/INFO]: Preparing spawn area: 89%
[00:38:23] [Worker-Main-6/INFO]: Preparing spawn area: 89%
[00:38:23] [Worker-Main-6/INFO]: Preparing spawn area: 89%
[00:38:23] [Server thread/INFO]: Time elapsed: 24409 ms
[00:38:23] [Server thread/INFO]: Done (30.398s)! For help, type "help"
[00:44:54] [Server thread/INFO]: Stopping the server
[00:44:54] [Server thread/INFO]: Stopping server
[00:44:54] [Server thread/INFO]: Saving players
[00:44:54] [Server thread/INFO]: Saving worlds
[00:44:54] [Server thread/INFO]: Saving chunks for level 'ServerLevel[world]'/minecraft:overworld
[00:44:54] [Server thread/INFO]: ThreadedAnvilChunkStorage (world): All chunks are saved
[00:44:54] [Server thread/INFO]: Saving chunks for level 'ServerLevel[world]'/minecraft:the_nether
[00:44:54] [Server thread/INFO]: ThreadedAnvilChunkStorage (DIM-1): All chunks are saved
[00:44:54] [Server thread/INFO]: Saving chunks for level 'ServerLevel[world]'/minecraft:the_end
[00:44:54] [Server thread/INFO]: ThreadedAnvilChunkStorage (DIM1): All chunks are saved
[00:44:54] [Server thread/INFO]: ThreadedAnvilChunkStorage (world): All chunks are saved
[00:44:54] [Server thread/INFO]: ThreadedAnvilChunkStorage (DIM-1): All chunks are saved
[00:44:54] [Server thread/INFO]: ThreadedAnvilChunkStorage (DIM1): All chunks are saved
